<?xml version="1.0" encoding="UTF-8"?>
<!-- Generated by org.testng.reporters.JUnitXMLReporter -->
<testsuite ignored="1" hostname="RT1020256" failures="0" tests="1" name="Command line test" time="10.324" errors="0" timestamp="2022-12-28T08:00:12 PST">
  <testcase classname="BaseTest" name="@BeforeTest BaseT" time="10.206">
    <failure type="org.openqa.selenium.SessionNotCreatedException" message="Could not start a new session. Response code 500. Message: An unknown server-side error occurred while processing the command. Original error: Error executing adbExec. Original error: &amp;apos;Command &amp;apos;C:\\Users\\Vinod.Patil\\AppData\\Local\\Android\\Sdk\\platform-tools\\adb.exe -P 5037 -s emulator-5554 shell &amp;apos;settings delete global hidden_api_policy_pre_p_apps;settings delete global hidden_api_policy_p_apps;settings delete global hidden_api_policy&amp;apos;&amp;apos; exited with code 1&amp;apos;; Command output: adb.exe: device offline
 
Host info: host: &amp;apos;RT1020256&amp;apos;, ip: &amp;apos;192.168.0.20&amp;apos;
Build info: version: &amp;apos;4.7.2&amp;apos;, revision: &amp;apos;4d4020c3b7&amp;apos;
System info: os.name: &amp;apos;Windows 10&amp;apos;, os.arch: &amp;apos;amd64&amp;apos;, os.version: &amp;apos;10.0&amp;apos;, java.version: &amp;apos;19.0.1&amp;apos;
Driver info: io.appium.java_client.android.AndroidDriver
Command: [null, newSession {capabilities=[{appium:AUTO_ACCEPT_ALERT=true, acceptInsecureCerts=true, appium:app=/Users/Vinod.Patil/Desktop/Appium/apkfiles/ApiDemos-debug.apk, appium:autoAcceptAlerts=true, appium:autoGrantPermissions=true, appium:deviceName=Pixel 4 XL API 33, appium:noReset=true, platformName=ANDROID, appium:platformVersion=13, appium:uuid=emulator-5554}], desiredCapabilities=Capabilities {AUTO_ACCEPT_ALERT: true, acceptInsecureCerts: true, app: /Users/Vinod.Patil/Desktop/..., autoAcceptAlerts: true, autoGrantPermissions: true, deviceName: Pixel 4 XL API 33, noReset: true, platformName: ANDROID, platformVersion: 13, uuid: emulator-5554}}]
Capabilities {}">
      <![CDATA[org.openqa.selenium.SessionNotCreatedException: Could not start a new session. Response code 500. Message: An unknown server-side error occurred while processing the command. Original error: Error executing adbExec. Original error: 'Command 'C:\\Users\\Vinod.Patil\\AppData\\Local\\Android\\Sdk\\platform-tools\\adb.exe -P 5037 -s emulator-5554 shell 'settings delete global hidden_api_policy_pre_p_apps;settings delete global hidden_api_policy_p_apps;settings delete global hidden_api_policy'' exited with code 1'; Command output: adb.exe: device offline
 
Host info: host: 'RT1020256', ip: '192.168.0.20'
Build info: version: '4.7.2', revision: '4d4020c3b7'
System info: os.name: 'Windows 10', os.arch: 'amd64', os.version: '10.0', java.version: '19.0.1'
Driver info: io.appium.java_client.android.AndroidDriver
Command: [null, newSession {capabilities=[{appium:AUTO_ACCEPT_ALERT=true, acceptInsecureCerts=true, appium:app=/Users/Vinod.Patil/Desktop/Appium/apkfiles/ApiDemos-debug.apk, appium:autoAcceptAlerts=true, appium:autoGrantPermissions=true, appium:deviceName=Pixel 4 XL API 33, appium:noReset=true, platformName=ANDROID, appium:platformVersion=13, appium:uuid=emulator-5554}], desiredCapabilities=Capabilities {AUTO_ACCEPT_ALERT: true, acceptInsecureCerts: true, app: /Users/Vinod.Patil/Desktop/..., autoAcceptAlerts: true, autoGrantPermissions: true, deviceName: Pixel 4 XL API 33, noReset: true, platformName: ANDROID, platformVersion: 13, uuid: emulator-5554}}]
Capabilities {}
at org.openqa.selenium.remote.ProtocolHandshake.createSession(ProtocolHandshake.java:148)
at io.appium.java_client.remote.AppiumProtocolHandshake.createSession(AppiumProtocolHandshake.java:133)
at io.appium.java_client.remote.AppiumProtocolHandshake.createSession(AppiumProtocolHandshake.java:102)
at io.appium.java_client.remote.AppiumCommandExecutor.createSession(AppiumCommandExecutor.java:194)
at io.appium.java_client.remote.AppiumCommandExecutor.execute(AppiumCommandExecutor.java:262)
at org.openqa.selenium.remote.RemoteWebDriver.execute(RemoteWebDriver.java:535)
at io.appium.java_client.AppiumDriver.startSession(AppiumDriver.java:229)
at org.openqa.selenium.remote.RemoteWebDriver.<init>(RemoteWebDriver.java:156)
at io.appium.java_client.AppiumDriver.<init>(AppiumDriver.java:80)
at io.appium.java_client.AppiumDriver.<init>(AppiumDriver.java:92)
at io.appium.java_client.android.AndroidDriver.<init>(AndroidDriver.java:117)
at BaseTest.BaseT(BaseTest.java:71)
... Removed 32 stack frames]]>
    </failure>
  </testcase> <!-- @BeforeTest BaseT -->
  <testcase classname="ScrollTest" name="scrollTest" time="0.0">
    <skipped/>
  </testcase> <!-- scrollTest -->
  <testcase classname="BaseTest" name="@BeforeTest BaseT" time="0.0">
    <ignored/>
  </testcase> <!-- @BeforeTest BaseT -->
</testsuite> <!-- Command line test -->
