-------------------------------------------------------------------------------
Test set: TestSuite
-------------------------------------------------------------------------------
Tests run: 2, Failures: 1, Errors: 0, Skipped: 1, Time elapsed: 15.177 sec <<< FAILURE!
BaseT(BaseTest)  Time elapsed: 10.604 sec  <<< FAILURE!
org.openqa.selenium.SessionNotCreatedException: Could not start a new session. Response code 500. Message: An unknown server-side error occurred while processing the command. Original error: Error executing adbExec. Original error: 'Command 'C:\\Users\\Vinod.Patil\\AppData\\Local\\Android\\Sdk\\platform-tools\\adb.exe -P 5037 -s emulator-5554 shell 'settings delete global hidden_api_policy_pre_p_apps;settings delete global hidden_api_policy_p_apps;settings delete global hidden_api_policy'' exited with code 1'; Command output: adb.exe: device offline
 
Host info: host: 'RT1020256', ip: '192.168.0.20'
Build info: version: '4.7.2', revision: '4d4020c3b7'
System info: os.name: 'Windows 10', os.arch: 'amd64', os.version: '10.0', java.version: '19.0.1'
Driver info: io.appium.java_client.android.AndroidDriver
Command: [null, newSession {capabilities=[{appium:AUTO_ACCEPT_ALERT=true, acceptInsecureCerts=true, appium:app=/Users/Vinod.Patil/Desktop/Appium/apkfiles/ApiDemos-debug.apk, appium:autoAcceptAlerts=true, appium:autoGrantPermissions=true, appium:deviceName=Pixel 4 XL API 33, appium:noReset=true, platformName=ANDROID, appium:platformVersion=13, appium:uuid=emulator-5554}], desiredCapabilities=Capabilities {AUTO_ACCEPT_ALERT: true, acceptInsecureCerts: true, app: /Users/Vinod.Patil/Desktop/..., autoAcceptAlerts: true, autoGrantPermissions: true, deviceName: Pixel 4 XL API 33, noReset: true, platformName: ANDROID, platformVersion: 13, uuid: emulator-5554}}]
Capabilities {}
	at org.openqa.selenium.remote.ProtocolHandshake.createSession(ProtocolHandshake.java:148)
	at java.base/jdk.internal.reflect.DirectMethodHandleAccessor.invoke(DirectMethodHandleAccessor.java:104)
	at java.base/java.lang.reflect.Method.invoke(Method.java:578)
	at io.appium.java_client.remote.AppiumProtocolHandshake.createSession(AppiumProtocolHandshake.java:133)
	at io.appium.java_client.remote.AppiumProtocolHandshake.createSession(AppiumProtocolHandshake.java:102)
	at io.appium.java_client.remote.AppiumCommandExecutor.createSession(AppiumCommandExecutor.java:194)
	at io.appium.java_client.remote.AppiumCommandExecutor.execute(AppiumCommandExecutor.java:262)
	at org.openqa.selenium.remote.RemoteWebDriver.execute(RemoteWebDriver.java:535)
	at io.appium.java_client.AppiumDriver.startSession(AppiumDriver.java:229)
	at org.openqa.selenium.remote.RemoteWebDriver.<init>(RemoteWebDriver.java:156)
	at io.appium.java_client.AppiumDriver.<init>(AppiumDriver.java:80)
	at io.appium.java_client.AppiumDriver.<init>(AppiumDriver.java:92)
	at io.appium.java_client.android.AndroidDriver.<init>(AndroidDriver.java:117)
	at BaseTest.BaseT(BaseTest.java:71)

