<?xml version="1.0" encoding="UTF-8" ?>
<testsuite tests="2" failures="1" name="TestSuite" time="10.604" errors="0" skipped="1">
  <properties>
[...]
</properties>
  <testcase classname="BaseTest" name="BaseT" time="10.604">
    <failure message="Could not start a new session. Response code 500. Message: An unknown server-side error occurred while processing the command. Original error: Error executing adbExec. Original error: &apos;Command &apos;C:\\Users\\Vinod.Patil\\AppData\\Local\\Android\\Sdk\\platform-tools\\adb.exe -P 5037 -s emulator-5554 shell &apos;settings delete global hidden_api_policy_pre_p_apps;settings delete global hidden_api_policy_p_apps;settings delete global hidden_api_policy&apos;&apos; exited with code 1&apos;; Command output: adb.exe: device offline
 
Host info: host: &apos;RT1020256&apos;, ip: &apos;192.168.0.20&apos;
Build info: version: &apos;4.7.2&apos;, revision: &apos;4d4020c3b7&apos;
System info: os.name: &apos;Windows 10&apos;, os.arch: &apos;amd64&apos;, os.version: &apos;10.0&apos;, java.version: &apos;19.0.1&apos;
Driver info: io.appium.java_client.android.AndroidDriver
Command: [null, newSession {capabilities=[{appium:AUTO_ACCEPT_ALERT=true, acceptInsecureCerts=true, appium:app=/Users/Vinod.Patil/Desktop/Appium/apkfiles/ApiDemos-debug.apk, appium:autoAcceptAlerts=true, appium:autoGrantPermissions=true, appium:deviceName=Pixel 4 XL API 33, appium:noReset=true, platformName=ANDROID, appium:platformVersion=13, appium:uuid=emulator-5554}], desiredCapabilities=Capabilities {AUTO_ACCEPT_ALERT: true, acceptInsecureCerts: true, app: /Users/Vinod.Patil/Desktop/..., autoAcceptAlerts: true, autoGrantPermissions: true, deviceName: Pixel 4 XL API 33, noReset: true, platformName: ANDROID, platformVersion: 13, uuid: emulator-5554}}]
Capabilities {}" type="org.openqa.selenium.SessionNotCreatedException">org.openqa.selenium.SessionNotCreatedException: Could not start a new session. Response code 500. Message: An unknown server-side error occurred while processing the command. Original error: Error executing adbExec. Original error: &apos;Command &apos;C:\\Users\\Vinod.Patil\\AppData\\Local\\Android\\Sdk\\platform-tools\\adb.exe -P 5037 -s emulator-5554 shell &apos;settings delete global hidden_api_policy_pre_p_apps;settings delete global hidden_api_policy_p_apps;settings delete global hidden_api_policy&apos;&apos; exited with code 1&apos;; Command output: adb.exe: device offline
 
Host info: host: &apos;RT1020256&apos;, ip: &apos;192.168.0.20&apos;
Build info: version: &apos;4.7.2&apos;, revision: &apos;4d4020c3b7&apos;
System info: os.name: &apos;Windows 10&apos;, os.arch: &apos;amd64&apos;, os.version: &apos;10.0&apos;, java.version: &apos;19.0.1&apos;
Driver info: io.appium.java_client.android.AndroidDriver
Command: [null, newSession {capabilities=[{appium:AUTO_ACCEPT_ALERT=true, acceptInsecureCerts=true, appium:app=/Users/Vinod.Patil/Desktop/Appium/apkfiles/ApiDemos-debug.apk, appium:autoAcceptAlerts=true, appium:autoGrantPermissions=true, appium:deviceName=Pixel 4 XL API 33, appium:noReset=true, platformName=ANDROID, appium:platformVersion=13, appium:uuid=emulator-5554}], desiredCapabilities=Capabilities {AUTO_ACCEPT_ALERT: true, acceptInsecureCerts: true, app: /Users/Vinod.Patil/Desktop/..., autoAcceptAlerts: true, autoGrantPermissions: true, deviceName: Pixel 4 XL API 33, noReset: true, platformName: ANDROID, platformVersion: 13, uuid: emulator-5554}}]
Capabilities {}
	at org.openqa.selenium.remote.ProtocolHandshake.createSession(ProtocolHandshake.java:148)
	at java.base/jdk.internal.reflect.DirectMethodHandleAccessor.invoke(DirectMethodHandleAccessor.java:104)
	at java.base/java.lang.reflect.Method.invoke(Method.java:578)
	at io.appium.java_client.remote.AppiumProtocolHandshake.createSession(AppiumProtocolHandshake.java:133)
	at io.appium.java_client.remote.AppiumProtocolHandshake.createSession(AppiumProtocolHandshake.java:102)
	at io.appium.java_client.remote.AppiumCommandExecutor.createSession(AppiumCommandExecutor.java:194)
	at io.appium.java_client.remote.AppiumCommandExecutor.execute(AppiumCommandExecutor.java:262)
	at org.openqa.selenium.remote.RemoteWebDriver.execute(RemoteWebDriver.java:535)
	at io.appium.java_client.AppiumDriver.startSession(AppiumDriver.java:229)
	at org.openqa.selenium.remote.RemoteWebDriver.&lt;init&gt;(RemoteWebDriver.java:156)
	at io.appium.java_client.AppiumDriver.&lt;init&gt;(AppiumDriver.java:80)
	at io.appium.java_client.AppiumDriver.&lt;init&gt;(AppiumDriver.java:92)
	at io.appium.java_client.android.AndroidDriver.&lt;init&gt;(AndroidDriver.java:117)
	at BaseTest.BaseT(BaseTest.java:71)
</failure>
    <system-out>Configuring TestNG with: org.apache.maven.surefire.testng.conf.TestNG652Configurator@2669b199
</system-out>
    <system-err>SLF4J: No SLF4J providers were found.
SLF4J: Defaulting to no-operation (NOP) logger implementation
SLF4J: See https://www.slf4j.org/codes.html#noProviders for further details.
</system-err>
  </testcase>
  <testcase classname="ScrollTest" name="scrollTest" time="0">
    <skipped/>
  </testcase>
</testsuite>